<?xml version="1.0" encoding="UTF-8"?>
<!-- Generated by org.testng.reporters.JUnitReportReporter -->
<testsuite hostname="Lenovo-PC" failures="0" tests="1" name="com.sevenrmartsupermarket.tests.Login_Test" time="4.498" errors="0" timestamp="2023-12-20T08:07:12 IST" skipped="0">
  <testcase classname="com.sevenrmartsupermarket.tests.Login_Test" name="verifyLogin" time="4.498"/>
  <system-out/>
</testsuite> <!-- com.sevenrmartsupermarket.tests.Login_Test -->
